SF:lib\api\data_source\auth_local_data_source_impl.dart
DA:9,1
DA:10,1
DA:11,2
DA:14,1
DA:16,1
DA:18,1
DA:22,1
DA:24,1
DA:27,1
DA:32,1
DA:33,1
LF:11
LH:11
end_of_record
SF:lib\api\client\api_client.g.dart
DA:14,0
DA:22,0
DA:24,0
DA:25,0
DA:26,0
DA:27,0
DA:28,0
DA:29,0
DA:30,0
DA:31,0
DA:32,0
DA:37,0
DA:39,0
DA:42,0
DA:44,0
DA:50,0
DA:51,0
DA:52,0
DA:53,0
DA:54,0
DA:55,0
DA:57,0
DA:63,0
DA:64,0
DA:68,0
DA:70,0
DA:71,0
DA:74,0
LF:28
LH:0
end_of_record
SF:lib\api\models\requests\login_request_dto.dart
DA:11,2
DA:13,0
DA:14,0
DA:16,0
DA:17,1
DA:18,3
LF:6
LH:3
end_of_record
SF:lib\api\models\requests\login_request_dto.g.dart
DA:9,0
DA:10,0
DA:11,0
DA:12,0
DA:15,0
DA:16,0
LF:6
LH:0
end_of_record
SF:lib\api\models\responses\login_response_dto.dart
DA:12,2
DA:14,0
DA:15,0
DA:17,0
DA:19,0
DA:20,0
DA:39,2
DA:54,0
DA:55,0
DA:57,0
DA:59,0
DA:60,0
DA:61,0
DA:62,0
DA:63,0
DA:64,0
DA:65,0
DA:66,0
DA:67,0
DA:68,0
DA:69,0
DA:70,0
DA:71,0
DA:72,0
LF:24
LH:2
end_of_record
SF:lib\api\models\responses\login_response_dto.g.dart
DA:9,0
DA:10,0
DA:11,0
DA:12,0
DA:14,0
DA:15,0
DA:18,0
DA:19,0
DA:20,0
DA:21,0
DA:22,0
DA:25,0
DA:26,0
DA:27,0
DA:28,0
DA:29,0
DA:30,0
DA:31,0
DA:32,0
DA:33,0
DA:34,0
DA:35,0
DA:36,0
DA:37,0
DA:40,0
DA:41,0
DA:42,0
DA:43,0
DA:44,0
DA:45,0
DA:46,0
DA:47,0
DA:48,0
DA:49,0
DA:50,0
DA:51,0
DA:52,0
DA:53,0
LF:38
LH:0
end_of_record
SF:lib\api\data_source\auth_remote_data_source_impl.dart
DA:17,1
DA:18,1
DA:22,2
DA:23,1
DA:24,2
DA:25,2
LF:6
LH:6
end_of_record
SF:lib\api\mapper\login_mapper.dart
DA:8,2
DA:9,6
DA:14,4
DA:15,4
DA:16,4
DA:17,4
DA:18,8
DA:19,8
DA:20,8
DA:21,8
DA:22,8
DA:23,8
DA:24,8
DA:25,8
DA:26,8
DA:27,8
DA:28,8
DA:29,8
LF:18
LH:18
end_of_record
SF:lib\core\api_result\api_result.dart
DA:8,3
DA:14,3
DA:15,6
DA:16,9
DA:18,9
LF:5
LH:5
end_of_record
SF:lib\core\api_result\safe_api_call.dart
DA:4,1
DA:9,1
DA:10,2
DA:12,1
LF:4
LH:4
end_of_record
SF:lib\domain\entites\login_entity.dart
DA:19,4
DA:36,0
DA:37,0
DA:38,0
DA:39,0
DA:40,0
DA:41,0
DA:42,0
DA:43,0
DA:44,0
DA:45,0
DA:46,0
DA:47,0
DA:48,0
DA:49,0
DA:50,0
DA:51,0
LF:17
LH:1
end_of_record
SF:lib\domain\entites\requests\login_request_entity.dart
DA:7,2
DA:13,0
DA:14,0
LF:3
LH:1
end_of_record
SF:lib\core\api_result\dio_error_handler.dart
DA:5,3
DA:6,3
DA:7,3
DA:8,0
DA:10,3
DA:11,0
DA:13,3
DA:14,0
DA:16,3
DA:17,0
DA:19,3
DA:20,0
DA:22,3
DA:23,0
DA:25,3
DA:26,0
DA:28,3
DA:29,12
DA:33,0
DA:34,0
DA:37,0
DA:38,0
DA:40,0
DA:41,0
DA:42,0
DA:44,0
DA:45,0
DA:46,0
DA:47,0
DA:48,0
DA:54,0
DA:58,0
DA:60,0
LF:33
LH:11
end_of_record
SF:lib\generated\l10n.dart
DA:16,5
DA:20,0
DA:22,0
DA:30,2
DA:31,2
DA:32,0
DA:33,2
DA:34,2
DA:35,6
DA:36,2
DA:37,2
DA:44,2
DA:45,2
DA:47,2
DA:53,2
DA:54,2
DA:58,2
DA:59,2
DA:63,2
DA:68,0
DA:69,0
DA:73,0
DA:78,0
DA:79,0
DA:83,0
DA:88,0
DA:89,0
DA:93,0
DA:98,0
DA:99,0
DA:103,0
DA:108,0
DA:109,0
DA:113,0
DA:118,0
DA:119,0
DA:123,0
DA:128,0
DA:129,0
DA:133,0
DA:138,0
DA:139,0
DA:143,0
DA:148,0
DA:149,0
DA:153,0
DA:158,3
DA:159,3
DA:163,3
DA:168,0
DA:169,0
DA:173,0
DA:174,0
DA:178,0
DA:183,0
DA:184,0
DA:188,0
DA:193,0
DA:194,0
DA:198,0
DA:203,0
DA:204,0
DA:208,0
DA:213,0
DA:214,0
DA:218,0
DA:223,0
DA:224,0
DA:228,0
DA:233,0
DA:234,0
DA:238,0
DA:243,0
DA:244,0
DA:248,0
DA:253,0
DA:254,0
DA:258,0
DA:263,0
DA:264,0
DA:268,0
DA:273,0
DA:274,0
DA:278,0
DA:283,0
DA:284,0
DA:288,0
DA:293,0
DA:294,0
DA:298,0
DA:303,0
DA:304,0
DA:308,0
DA:313,0
DA:314,0
DA:318,0
DA:319,0
DA:323,0
DA:324,0
DA:328,0
DA:329,0
DA:333,2
DA:334,2
DA:338,2
DA:343,2
DA:344,2
DA:348,2
DA:353,2
DA:354,2
DA:358,2
DA:363,2
DA:364,2
DA:368,2
DA:373,2
DA:374,4
DA:378,2
DA:379,4
DA:383,1
DA:384,2
DA:388,0
DA:389,0
DA:394,3
DA:396,2
DA:400,2
DA:401,2
DA:402,2
DA:403,2
DA:404,0
DA:407,2
DA:408,4
DA:409,6
LF:131
LH:46
end_of_record
SF:lib\generated\intl\messages_all.dart
DA:22,6
DA:23,4
DA:26,2
DA:28,2
DA:29,2
DA:36,2
DA:37,2
DA:39,6
DA:40,0
DA:43,0
DA:45,4
DA:46,2
DA:47,6
DA:48,4
DA:49,2
DA:52,2
DA:54,2
DA:60,2
DA:61,2
DA:64,0
DA:67,2
LF:21
LH:18
end_of_record
SF:lib\generated\intl\messages_en.dart
DA:16,6
DA:21,0
DA:24,4
DA:25,2
DA:26,2
DA:27,2
DA:30,2
DA:33,2
DA:36,2
DA:39,2
DA:42,2
DA:43,2
DA:46,2
DA:49,2
DA:52,2
DA:55,2
DA:58,2
DA:61,2
DA:64,2
DA:65,2
DA:68,2
DA:71,2
DA:74,2
DA:75,2
DA:76,2
DA:79,2
DA:80,2
DA:83,2
DA:86,2
DA:89,2
DA:92,2
DA:95,2
DA:98,2
DA:101,2
DA:104,2
DA:107,2
DA:110,2
DA:111,2
DA:114,2
DA:115,2
DA:118,2
LF:41
LH:40
end_of_record
SF:lib\data\repo\auth_repo_impl.dart
DA:15,1
DA:16,1
DA:20,2
DA:21,1
DA:22,1
DA:23,1
DA:24,2
DA:25,1
LF:8
LH:8
end_of_record
SF:lib\domain\use_cases\login_use_case.dart
DA:11,1
DA:12,1
DA:15,2
LF:3
LH:3
end_of_record
SF:lib\core\custom_widget\test_app_wrapper.dart
DA:12,2
DA:14,2
DA:16,2
DA:20,2
DA:21,2
DA:22,4
DA:24,2
DA:32,2
DA:34,2
LF:9
LH:9
end_of_record
SF:lib\presentation\splash\screen\splash_screen.dart
DA:7,2
DA:9,1
DA:10,1
DA:14,1
DA:16,1
DA:17,1
DA:20,1
DA:21,2
DA:22,1
DA:23,2
DA:28,1
DA:30,1
DA:31,2
LF:13
LH:13
end_of_record
SF:lib\presentation\splash\widgets\splash_view_body.dart
DA:6,2
DA:8,1
DA:10,1
DA:13,1
DA:14,1
DA:16,1
DA:17,1
DA:18,1
LF:8
LH:8
end_of_record
SF:lib\presentation\on_boarding\screen\on_boarding_screen.dart
DA:6,2
DA:8,2
DA:10,2
DA:11,4
LF:4
LH:4
end_of_record
SF:lib\core\constants\app_colors.dart
DA:6,4
DA:19,4
DA:31,0
DA:44,4
DA:56,0
DA:70,4
LF:6
LH:4
end_of_record
SF:lib\core\constants\app_theme.dart
DA:9,6
DA:11,2
DA:13,2
DA:15,2
DA:16,2
DA:17,2
DA:18,2
DA:20,2
DA:21,2
DA:22,2
DA:24,2
DA:25,4
DA:26,4
DA:27,4
DA:28,2
DA:29,2
DA:32,4
DA:33,2
DA:34,2
DA:39,2
DA:40,2
DA:43,2
DA:44,2
DA:47,4
DA:50,2
DA:52,2
DA:53,8
DA:54,2
DA:55,4
DA:59,2
DA:64,2
DA:65,0
DA:66,0
DA:68,0
DA:70,2
DA:71,2
DA:72,2
DA:73,2
DA:74,2
DA:88,2
DA:89,2
DA:90,2
DA:91,4
DA:92,2
DA:93,4
DA:94,4
DA:98,2
DA:99,2
DA:100,2
DA:103,2
DA:104,2
DA:110,2
DA:111,2
DA:112,4
DA:113,4
DA:117,2
DA:123,2
DA:124,2
DA:125,2
LF:59
LH:56
end_of_record
SF:lib\core\router\app_router.dart
DA:7,2
DA:8,2
DA:9,2
DA:10,0
DA:12,2
DA:13,0
DA:15,2
DA:16,2
DA:18,1
DA:19,2
DA:22,0
LF:11
LH:8
end_of_record
SF:lib\presentation\on_boarding\model\on_boarding_page_view_content_model.dart
DA:8,2
DA:14,0
DA:15,0
LF:3
LH:1
end_of_record
SF:lib\presentation\on_boarding\widgets\on_boarding_view_body.dart
DA:13,2
DA:15,2
DA:16,2
DA:41,2
DA:43,2
DA:44,2
DA:45,2
DA:55,2
DA:56,2
DA:57,1
DA:58,2
DA:59,1
DA:62,4
DA:63,2
DA:64,2
DA:65,2
DA:66,2
DA:68,2
DA:70,2
DA:71,2
DA:72,2
DA:73,8
DA:79,10
DA:80,4
DA:83,2
DA:84,1
DA:85,1
DA:90,2
DA:91,4
DA:92,6
DA:93,2
DA:101,2
DA:103,2
DA:108,2
DA:109,2
DA:110,2
DA:111,2
DA:113,2
DA:114,2
DA:115,2
DA:117,6
DA:118,4
DA:120,2
DA:122,2
DA:123,2
DA:124,2
DA:125,6
DA:127,6
DA:128,2
DA:131,2
DA:136,2
DA:137,2
DA:138,6
DA:140,6
DA:141,2
DA:143,4
DA:148,2
DA:149,2
DA:150,2
DA:151,4
DA:152,2
DA:153,2
DA:159,0
DA:160,0
DA:169,4
DA:170,4
DA:173,2
DA:174,1
DA:175,2
DA:182,2
DA:183,4
DA:187,2
DA:188,1
DA:191,1
DA:192,1
DA:195,1
DA:196,1
DA:200,1
DA:202,1
DA:206,0
DA:207,0
DA:214,1
DA:215,2
DA:219,2
DA:220,3
DA:221,0
DA:224,0
DA:225,0
DA:226,0
DA:231,0
DA:232,0
DA:234,0
DA:238,1
DA:241,1
DA:242,0
DA:243,0
DA:250,1
DA:251,1
DA:253,1
LF:99
LH:86
end_of_record
